13:21:27.238 [main] INFO  Resources.BaseClass - **** verifyLogin ***
13:21:27.648 [main] INFO  Resources.BaseClass - ******** End of Logger *******
13:23:11.091 [main] INFO  Resources.BaseClass - **** verifyLogin ***
13:23:11.505 [main] INFO  Resources.BaseClass - ***** Login Button Clicked *******
13:23:11.505 [main] INFO  Resources.BaseClass - ******** End of Logger *******
13:24:26.317 [main] INFO  Resources.BaseClass - **** verifyLogin ***
13:24:26.727 [main] INFO  Resources.BaseClass - ***** Login Button Clicked *******
13:24:26.728 [main] INFO  Resources.BaseClass - ******** End of Logger *******
13:25:28.729 [main] DEBUG io.netty.util.internal.logging.InternalLoggerFactory - Using Log4J2 as the default logging framework
13:25:28.747 [main] DEBUG io.netty.util.ResourceLeakDetector - -Dio.netty.leakDetection.level: simple
13:25:28.748 [main] DEBUG io.netty.util.ResourceLeakDetector - -Dio.netty.leakDetection.targetRecords: 4
13:25:28.752 [main] DEBUG io.netty.util.ResourceLeakDetectorFactory - Loaded default ResourceLeakDetector: io.netty.util.ResourceLeakDetector@1df98368
13:25:28.769 [main] DEBUG io.netty.util.internal.PlatformDependent0 - -Dio.netty.noUnsafe: false
13:25:28.769 [main] DEBUG io.netty.util.internal.PlatformDependent0 - Java version: 17
13:25:28.770 [main] DEBUG io.netty.util.internal.PlatformDependent0 - sun.misc.Unsafe.theUnsafe: available
13:25:28.771 [main] DEBUG io.netty.util.internal.PlatformDependent0 - sun.misc.Unsafe.copyMemory: available
13:25:28.772 [main] DEBUG io.netty.util.internal.PlatformDependent0 - sun.misc.Unsafe.storeFence: available
13:25:28.772 [main] DEBUG io.netty.util.internal.PlatformDependent0 - java.nio.Buffer.address: available
13:25:28.773 [main] DEBUG io.netty.util.internal.PlatformDependent0 - direct buffer constructor: unavailable: Reflective setAccessible(true) disabled
13:25:28.774 [main] DEBUG io.netty.util.internal.PlatformDependent0 - java.nio.Bits.unaligned: available, true
13:25:28.775 [main] DEBUG io.netty.util.internal.PlatformDependent0 - jdk.internal.misc.Unsafe.allocateUninitializedArray(int): unavailable: class io.netty.util.internal.PlatformDependent0$7 cannot access class jdk.internal.misc.Unsafe (in module java.base) because module java.base does not export jdk.internal.misc to unnamed module @1ed6993a
13:25:28.777 [main] DEBUG io.netty.util.internal.PlatformDependent0 - java.nio.DirectByteBuffer.<init>(long, int): unavailable
13:25:28.777 [main] DEBUG io.netty.util.internal.PlatformDependent - sun.misc.Unsafe: available
13:25:28.778 [main] DEBUG io.netty.util.internal.PlatformDependent - maxDirectMemory: 2067791872 bytes (maybe)
13:25:28.778 [main] DEBUG io.netty.util.internal.PlatformDependent - -Dio.netty.tmpdir: C:\Users\Avinash\AppData\Local\Temp (java.io.tmpdir)
13:25:28.778 [main] DEBUG io.netty.util.internal.PlatformDependent - -Dio.netty.bitMode: 64 (sun.arch.data.model)
13:25:28.779 [main] DEBUG io.netty.util.internal.PlatformDependent - Platform: Windows
13:25:28.780 [main] DEBUG io.netty.util.internal.PlatformDependent - -Dio.netty.maxDirectMemory: -1 bytes
13:25:28.780 [main] DEBUG io.netty.util.internal.PlatformDependent - -Dio.netty.uninitializedArrayAllocationThreshold: -1
13:25:28.781 [main] DEBUG io.netty.util.internal.CleanerJava9 - java.nio.ByteBuffer.cleaner(): available
13:25:28.782 [main] DEBUG io.netty.util.internal.PlatformDependent - -Dio.netty.noPreferDirect: false
13:25:28.789 [main] DEBUG io.netty.util.internal.PlatformDependent - org.jctools-core.MpscChunkedArrayQueue: available
13:25:28.807 [main] DEBUG io.netty.util.internal.InternalThreadLocalMap - -Dio.netty.threadLocalMap.stringBuilder.initialSize: 1024
13:25:28.807 [main] DEBUG io.netty.util.internal.InternalThreadLocalMap - -Dio.netty.threadLocalMap.stringBuilder.maxSize: 4096
13:25:28.939 [main] DEBUG io.netty.handler.ssl.JdkSslContext - Default protocols (JDK): [TLSv1.3, TLSv1.2] 
13:25:28.939 [main] DEBUG io.netty.handler.ssl.JdkSslContext - Default cipher suites (JDK): [TLS_ECDHE_ECDSA_WITH_AES_256_GCM_SHA384, TLS_ECDHE_ECDSA_WITH_AES_128_GCM_SHA256, TLS_ECDHE_RSA_WITH_AES_128_GCM_SHA256, TLS_ECDHE_RSA_WITH_AES_256_GCM_SHA384, TLS_ECDHE_RSA_WITH_AES_128_CBC_SHA, TLS_ECDHE_RSA_WITH_AES_256_CBC_SHA, TLS_RSA_WITH_AES_128_GCM_SHA256, TLS_RSA_WITH_AES_128_CBC_SHA, TLS_RSA_WITH_AES_256_CBC_SHA, TLS_AES_128_GCM_SHA256, TLS_AES_256_GCM_SHA384]
13:25:28.953 [main] DEBUG io.netty.util.concurrent.GlobalEventExecutor - -Dio.netty.globalEventExecutor.quietPeriodSeconds: 1
13:25:28.964 [main] DEBUG io.netty.channel.MultithreadEventLoopGroup - -Dio.netty.eventLoopThreads: 16
13:25:28.973 [main] DEBUG io.netty.channel.nio.NioEventLoop - -Dio.netty.noKeySetOptimization: false
13:25:28.973 [main] DEBUG io.netty.channel.nio.NioEventLoop - -Dio.netty.selectorAutoRebuildThreshold: 512
13:25:29.033 [main] DEBUG io.netty.buffer.PooledByteBufAllocator - -Dio.netty.allocator.numHeapArenas: 16
13:25:29.033 [main] DEBUG io.netty.buffer.PooledByteBufAllocator - -Dio.netty.allocator.numDirectArenas: 16
13:25:29.034 [main] DEBUG io.netty.buffer.PooledByteBufAllocator - -Dio.netty.allocator.pageSize: 8192
13:25:29.034 [main] DEBUG io.netty.buffer.PooledByteBufAllocator - -Dio.netty.allocator.maxOrder: 9
13:25:29.034 [main] DEBUG io.netty.buffer.PooledByteBufAllocator - -Dio.netty.allocator.chunkSize: 4194304
13:25:29.034 [main] DEBUG io.netty.buffer.PooledByteBufAllocator - -Dio.netty.allocator.smallCacheSize: 256
13:25:29.034 [main] DEBUG io.netty.buffer.PooledByteBufAllocator - -Dio.netty.allocator.normalCacheSize: 64
13:25:29.034 [main] DEBUG io.netty.buffer.PooledByteBufAllocator - -Dio.netty.allocator.maxCachedBufferCapacity: 32768
13:25:29.034 [main] DEBUG io.netty.buffer.PooledByteBufAllocator - -Dio.netty.allocator.cacheTrimInterval: 8192
13:25:29.034 [main] DEBUG io.netty.buffer.PooledByteBufAllocator - -Dio.netty.allocator.cacheTrimIntervalMillis: 0
13:25:29.034 [main] DEBUG io.netty.buffer.PooledByteBufAllocator - -Dio.netty.allocator.useCacheForAllThreads: false
13:25:29.034 [main] DEBUG io.netty.buffer.PooledByteBufAllocator - -Dio.netty.allocator.maxCachedByteBuffersPerChunk: 1023
13:25:29.044 [main] DEBUG io.netty.buffer.ByteBufUtil - -Dio.netty.allocator.type: pooled
13:25:29.044 [main] DEBUG io.netty.buffer.ByteBufUtil - -Dio.netty.threadLocalDirectBufferSize: 0
13:25:29.045 [main] DEBUG io.netty.buffer.ByteBufUtil - -Dio.netty.maxThreadLocalCharBufferSize: 16384
13:25:29.268 [Forwarding newSession on session null to remote] DEBUG io.netty.channel.DefaultChannelId - -Dio.netty.processId: 17028 (auto-detected)
13:25:29.270 [Forwarding newSession on session null to remote] DEBUG io.netty.util.NetUtil - -Djava.net.preferIPv4Stack: false
13:25:29.270 [Forwarding newSession on session null to remote] DEBUG io.netty.util.NetUtil - -Djava.net.preferIPv6Addresses: false
13:25:29.278 [Forwarding newSession on session null to remote] DEBUG io.netty.util.NetUtilInitializations - Loopback interface: lo (Software Loopback Interface 1, 127.0.0.1)
13:25:29.279 [Forwarding newSession on session null to remote] DEBUG io.netty.util.NetUtil - Failed to get SOMAXCONN from sysctl and file \proc\sys\net\core\somaxconn. Default: 200
13:25:29.302 [Forwarding newSession on session null to remote] DEBUG io.netty.channel.DefaultChannelId - -Dio.netty.machineId: 94:e2:3c:ff:fe:c1:0c:2d (auto-detected)
13:25:29.347 [AsyncHttpClient-1-2] DEBUG io.netty.buffer.AbstractByteBuf - -Dio.netty.buffer.checkAccessible: true
13:25:29.347 [AsyncHttpClient-1-2] DEBUG io.netty.buffer.AbstractByteBuf - -Dio.netty.buffer.checkBounds: true
13:25:29.347 [AsyncHttpClient-1-2] DEBUG io.netty.util.ResourceLeakDetectorFactory - Loaded default ResourceLeakDetector: io.netty.util.ResourceLeakDetector@6f602453
13:25:29.368 [AsyncHttpClient-1-2] DEBUG io.netty.util.Recycler - -Dio.netty.recycler.maxCapacityPerThread: 4096
13:25:29.368 [AsyncHttpClient-1-2] DEBUG io.netty.util.Recycler - -Dio.netty.recycler.ratio: 8
13:25:29.368 [AsyncHttpClient-1-2] DEBUG io.netty.util.Recycler - -Dio.netty.recycler.chunkSize: 32
13:25:29.368 [AsyncHttpClient-1-2] DEBUG io.netty.util.Recycler - -Dio.netty.recycler.blocking: false
13:25:29.368 [AsyncHttpClient-1-2] DEBUG io.netty.util.Recycler - -Dio.netty.recycler.batchFastThreadLocalOnly: true
13:25:30.284 [AsyncHttpClient-1-2] DEBUG io.netty.handler.codec.compression.Brotli - brotli4j not in the classpath; Brotli support will be unavailable.
13:25:30.465 [main] DEBUG io.netty.util.internal.ThreadLocalRandom - -Dio.netty.initialSeedUniquifier: 0x36ec6008c4c3f36c
13:25:32.333 [main] DEBUG Resources.BaseClass - **** debug automation ****
13:25:32.333 [main] INFO  Resources.BaseClass - **** verifyLogin ***
13:25:33.117 [main] INFO  Resources.BaseClass - ***** Login Button Clicked *******
13:25:33.118 [main] INFO  Resources.BaseClass - ******** End of Logger *******
13:37:30.598 [main] DEBUG io.netty.util.internal.logging.InternalLoggerFactory - Using Log4J2 as the default logging framework
13:37:30.616 [main] DEBUG io.netty.util.ResourceLeakDetector - -Dio.netty.leakDetection.level: simple
13:37:30.616 [main] DEBUG io.netty.util.ResourceLeakDetector - -Dio.netty.leakDetection.targetRecords: 4
13:37:30.622 [main] DEBUG io.netty.util.ResourceLeakDetectorFactory - Loaded default ResourceLeakDetector: io.netty.util.ResourceLeakDetector@1df98368
13:37:30.651 [main] DEBUG io.netty.util.internal.PlatformDependent0 - -Dio.netty.noUnsafe: false
13:37:30.651 [main] DEBUG io.netty.util.internal.PlatformDependent0 - Java version: 17
13:37:30.652 [main] DEBUG io.netty.util.internal.PlatformDependent0 - sun.misc.Unsafe.theUnsafe: available
13:37:30.652 [main] DEBUG io.netty.util.internal.PlatformDependent0 - sun.misc.Unsafe.copyMemory: available
13:37:30.657 [main] DEBUG io.netty.util.internal.PlatformDependent0 - sun.misc.Unsafe.storeFence: available
13:37:30.657 [main] DEBUG io.netty.util.internal.PlatformDependent0 - java.nio.Buffer.address: available
13:37:30.659 [main] DEBUG io.netty.util.internal.PlatformDependent0 - direct buffer constructor: unavailable: Reflective setAccessible(true) disabled
13:37:30.661 [main] DEBUG io.netty.util.internal.PlatformDependent0 - java.nio.Bits.unaligned: available, true
13:37:30.662 [main] DEBUG io.netty.util.internal.PlatformDependent0 - jdk.internal.misc.Unsafe.allocateUninitializedArray(int): unavailable: class io.netty.util.internal.PlatformDependent0$7 cannot access class jdk.internal.misc.Unsafe (in module java.base) because module java.base does not export jdk.internal.misc to unnamed module @1ed6993a
13:37:30.663 [main] DEBUG io.netty.util.internal.PlatformDependent0 - java.nio.DirectByteBuffer.<init>(long, int): unavailable
13:37:30.664 [main] DEBUG io.netty.util.internal.PlatformDependent - sun.misc.Unsafe: available
13:37:30.664 [main] DEBUG io.netty.util.internal.PlatformDependent - maxDirectMemory: 2067791872 bytes (maybe)
13:37:30.665 [main] DEBUG io.netty.util.internal.PlatformDependent - -Dio.netty.tmpdir: C:\Users\Avinash\AppData\Local\Temp (java.io.tmpdir)
13:37:30.665 [main] DEBUG io.netty.util.internal.PlatformDependent - -Dio.netty.bitMode: 64 (sun.arch.data.model)
13:37:30.666 [main] DEBUG io.netty.util.internal.PlatformDependent - Platform: Windows
13:37:30.666 [main] DEBUG io.netty.util.internal.PlatformDependent - -Dio.netty.maxDirectMemory: -1 bytes
13:37:30.666 [main] DEBUG io.netty.util.internal.PlatformDependent - -Dio.netty.uninitializedArrayAllocationThreshold: -1
13:37:30.668 [main] DEBUG io.netty.util.internal.CleanerJava9 - java.nio.ByteBuffer.cleaner(): available
13:37:30.668 [main] DEBUG io.netty.util.internal.PlatformDependent - -Dio.netty.noPreferDirect: false
13:37:30.675 [main] DEBUG io.netty.util.internal.PlatformDependent - org.jctools-core.MpscChunkedArrayQueue: available
13:37:30.703 [main] DEBUG io.netty.util.internal.InternalThreadLocalMap - -Dio.netty.threadLocalMap.stringBuilder.initialSize: 1024
13:37:30.703 [main] DEBUG io.netty.util.internal.InternalThreadLocalMap - -Dio.netty.threadLocalMap.stringBuilder.maxSize: 4096
13:37:30.828 [main] DEBUG io.netty.handler.ssl.JdkSslContext - Default protocols (JDK): [TLSv1.3, TLSv1.2] 
13:37:30.829 [main] DEBUG io.netty.handler.ssl.JdkSslContext - Default cipher suites (JDK): [TLS_ECDHE_ECDSA_WITH_AES_256_GCM_SHA384, TLS_ECDHE_ECDSA_WITH_AES_128_GCM_SHA256, TLS_ECDHE_RSA_WITH_AES_128_GCM_SHA256, TLS_ECDHE_RSA_WITH_AES_256_GCM_SHA384, TLS_ECDHE_RSA_WITH_AES_128_CBC_SHA, TLS_ECDHE_RSA_WITH_AES_256_CBC_SHA, TLS_RSA_WITH_AES_128_GCM_SHA256, TLS_RSA_WITH_AES_128_CBC_SHA, TLS_RSA_WITH_AES_256_CBC_SHA, TLS_AES_128_GCM_SHA256, TLS_AES_256_GCM_SHA384]
13:37:30.842 [main] DEBUG io.netty.util.concurrent.GlobalEventExecutor - -Dio.netty.globalEventExecutor.quietPeriodSeconds: 1
13:37:30.854 [main] DEBUG io.netty.channel.MultithreadEventLoopGroup - -Dio.netty.eventLoopThreads: 16
13:37:30.863 [main] DEBUG io.netty.channel.nio.NioEventLoop - -Dio.netty.noKeySetOptimization: false
13:37:30.864 [main] DEBUG io.netty.channel.nio.NioEventLoop - -Dio.netty.selectorAutoRebuildThreshold: 512
13:37:30.949 [main] DEBUG io.netty.buffer.PooledByteBufAllocator - -Dio.netty.allocator.numHeapArenas: 16
13:37:30.949 [main] DEBUG io.netty.buffer.PooledByteBufAllocator - -Dio.netty.allocator.numDirectArenas: 16
13:37:30.949 [main] DEBUG io.netty.buffer.PooledByteBufAllocator - -Dio.netty.allocator.pageSize: 8192
13:37:30.949 [main] DEBUG io.netty.buffer.PooledByteBufAllocator - -Dio.netty.allocator.maxOrder: 9
13:37:30.949 [main] DEBUG io.netty.buffer.PooledByteBufAllocator - -Dio.netty.allocator.chunkSize: 4194304
13:37:30.949 [main] DEBUG io.netty.buffer.PooledByteBufAllocator - -Dio.netty.allocator.smallCacheSize: 256
13:37:30.949 [main] DEBUG io.netty.buffer.PooledByteBufAllocator - -Dio.netty.allocator.normalCacheSize: 64
13:37:30.949 [main] DEBUG io.netty.buffer.PooledByteBufAllocator - -Dio.netty.allocator.maxCachedBufferCapacity: 32768
13:37:30.949 [main] DEBUG io.netty.buffer.PooledByteBufAllocator - -Dio.netty.allocator.cacheTrimInterval: 8192
13:37:30.950 [main] DEBUG io.netty.buffer.PooledByteBufAllocator - -Dio.netty.allocator.cacheTrimIntervalMillis: 0
13:37:30.950 [main] DEBUG io.netty.buffer.PooledByteBufAllocator - -Dio.netty.allocator.useCacheForAllThreads: false
13:37:30.950 [main] DEBUG io.netty.buffer.PooledByteBufAllocator - -Dio.netty.allocator.maxCachedByteBuffersPerChunk: 1023
13:37:30.960 [main] DEBUG io.netty.buffer.ByteBufUtil - -Dio.netty.allocator.type: pooled
13:37:30.960 [main] DEBUG io.netty.buffer.ByteBufUtil - -Dio.netty.threadLocalDirectBufferSize: 0
13:37:30.960 [main] DEBUG io.netty.buffer.ByteBufUtil - -Dio.netty.maxThreadLocalCharBufferSize: 16384
13:37:31.244 [Forwarding newSession on session null to remote] DEBUG io.netty.channel.DefaultChannelId - -Dio.netty.processId: 19108 (auto-detected)
13:37:31.247 [Forwarding newSession on session null to remote] DEBUG io.netty.util.NetUtil - -Djava.net.preferIPv4Stack: false
13:37:31.247 [Forwarding newSession on session null to remote] DEBUG io.netty.util.NetUtil - -Djava.net.preferIPv6Addresses: false
13:37:31.258 [Forwarding newSession on session null to remote] DEBUG io.netty.util.NetUtilInitializations - Loopback interface: lo (Software Loopback Interface 1, 127.0.0.1)
13:37:31.260 [Forwarding newSession on session null to remote] DEBUG io.netty.util.NetUtil - Failed to get SOMAXCONN from sysctl and file \proc\sys\net\core\somaxconn. Default: 200
13:37:31.289 [Forwarding newSession on session null to remote] DEBUG io.netty.channel.DefaultChannelId - -Dio.netty.machineId: 94:e2:3c:ff:fe:c1:0c:2d (auto-detected)
13:37:31.340 [AsyncHttpClient-1-2] DEBUG io.netty.buffer.AbstractByteBuf - -Dio.netty.buffer.checkAccessible: true
13:37:31.341 [AsyncHttpClient-1-2] DEBUG io.netty.buffer.AbstractByteBuf - -Dio.netty.buffer.checkBounds: true
13:37:31.341 [AsyncHttpClient-1-2] DEBUG io.netty.util.ResourceLeakDetectorFactory - Loaded default ResourceLeakDetector: io.netty.util.ResourceLeakDetector@35b803ab
13:37:31.362 [AsyncHttpClient-1-2] DEBUG io.netty.util.Recycler - -Dio.netty.recycler.maxCapacityPerThread: 4096
13:37:31.362 [AsyncHttpClient-1-2] DEBUG io.netty.util.Recycler - -Dio.netty.recycler.ratio: 8
13:37:31.362 [AsyncHttpClient-1-2] DEBUG io.netty.util.Recycler - -Dio.netty.recycler.chunkSize: 32
13:37:31.362 [AsyncHttpClient-1-2] DEBUG io.netty.util.Recycler - -Dio.netty.recycler.blocking: false
13:37:31.362 [AsyncHttpClient-1-2] DEBUG io.netty.util.Recycler - -Dio.netty.recycler.batchFastThreadLocalOnly: true
13:37:32.509 [AsyncHttpClient-1-2] DEBUG io.netty.handler.codec.compression.Brotli - brotli4j not in the classpath; Brotli support will be unavailable.
13:37:32.662 [main] DEBUG io.netty.util.internal.ThreadLocalRandom - -Dio.netty.initialSeedUniquifier: 0x52645ae39fa9b190
13:37:34.125 [main] DEBUG Resources.BaseClass - **** debug automation ****
13:37:34.125 [main] INFO  Resources.BaseClass - **** verifyLogin ***
13:37:34.532 [main] INFO  Resources.BaseClass - ***** Login Button Clicked *******
13:37:34.533 [main] INFO  Resources.BaseClass - ******** End of Logger *******
16:42:35.112 [main] INFO  Resources.BaseClass - **** verifyLogin ***
16:42:35.520 [main] INFO  Resources.BaseClass - ***** Login Button Clicked *******
16:42:35.520 [main] INFO  Resources.BaseClass - ******** End of Logger *******
18:32:51.428 [main] INFO  Resources.BaseClass - **** verifyLogin ***
18:32:51.901 [main] INFO  Resources.BaseClass - ***** Login Button Clicked *******
18:32:51.902 [main] INFO  Resources.BaseClass - ******** End of Logger *******
18:32:55.569 [main] INFO  Resources.BaseClass - **** verifyLogin ***
18:32:56.273 [main] INFO  Resources.BaseClass - ***** Login Button Clicked *******
18:32:56.273 [main] INFO  Resources.BaseClass - ******** End of Logger *******
18:33:00.097 [main] INFO  Resources.BaseClass - **** verifyLogin ***
18:33:01.370 [main] INFO  Resources.BaseClass - ***** Login Button Clicked *******
18:33:01.370 [main] INFO  Resources.BaseClass - ******** End of Logger *******
18:39:04.282 [main] INFO  Resources.BaseClass - **** verifyLogin ***
18:39:04.745 [main] INFO  Resources.BaseClass - ***** Login Button Clicked *******
18:39:04.745 [main] INFO  Resources.BaseClass - ******** End of Logger *******
18:39:08.188 [main] INFO  Resources.BaseClass - **** verifyLogin ***
18:39:08.859 [main] INFO  Resources.BaseClass - ***** Login Button Clicked *******
18:39:08.860 [main] INFO  Resources.BaseClass - ******** End of Logger *******
18:39:12.355 [main] INFO  Resources.BaseClass - **** verifyLogin ***
18:39:13.515 [main] INFO  Resources.BaseClass - ***** Login Button Clicked *******
18:39:13.515 [main] INFO  Resources.BaseClass - ******** End of Logger *******
23:57:35.376 [main] INFO  Resources.BaseClass - **** verifyLogin ***
23:57:35.694 [main] INFO  Resources.BaseClass - ***** Login Button Clicked *******
23:57:35.695 [main] INFO  Resources.BaseClass - ******** End of Logger *******
23:57:39.762 [main] INFO  Resources.BaseClass - **** verifyLogin ***
23:57:40.440 [main] INFO  Resources.BaseClass - ***** Login Button Clicked *******
23:57:40.440 [main] INFO  Resources.BaseClass - ******** End of Logger *******
23:57:45.220 [main] INFO  Resources.BaseClass - **** verifyLogin ***
23:57:45.709 [main] INFO  Resources.BaseClass - ***** Login Button Clicked *******
23:57:45.709 [main] INFO  Resources.BaseClass - ******** End of Logger *******
23:39:05.240 [main] INFO  Resources.BaseClass - **** verifyLogin ***
23:39:05.770 [main] INFO  Resources.BaseClass - ***** Login Button Clicked *******
23:39:05.770 [main] INFO  Resources.BaseClass - ******** End of Logger *******
23:39:09.093 [main] INFO  Resources.BaseClass - **** verifyLogin ***
23:39:09.550 [main] INFO  Resources.BaseClass - ***** Login Button Clicked *******
23:39:09.550 [main] INFO  Resources.BaseClass - ******** End of Logger *******
23:39:16.060 [main] INFO  Resources.BaseClass - **** verifyLogin ***
23:39:16.802 [main] INFO  Resources.BaseClass - ***** Login Button Clicked *******
23:39:16.803 [main] INFO  Resources.BaseClass - ******** End of Logger *******
23:39:50.692 [main] INFO  Resources.BaseClass - **** verifyLogin ***
23:39:51.545 [main] INFO  Resources.BaseClass - ***** Login Button Clicked *******
23:39:51.546 [main] INFO  Resources.BaseClass - ******** End of Logger *******
23:39:56.924 [main] INFO  Resources.BaseClass - **** verifyLogin ***
23:39:57.453 [main] INFO  Resources.BaseClass - ***** Login Button Clicked *******
23:39:57.453 [main] INFO  Resources.BaseClass - ******** End of Logger *******
23:40:01.620 [main] INFO  Resources.BaseClass - **** verifyLogin ***
23:40:03.168 [main] INFO  Resources.BaseClass - ***** Login Button Clicked *******
23:40:03.170 [main] INFO  Resources.BaseClass - ******** End of Logger *******
23:41:23.888 [main] INFO  Resources.BaseClass - **** verifyLogin ***
23:41:25.402 [main] INFO  Resources.BaseClass - ***** Login Button Clicked *******
23:41:25.403 [main] INFO  Resources.BaseClass - ******** End of Logger *******
23:41:33.173 [main] INFO  Resources.BaseClass - **** verifyLogin ***
23:41:33.921 [main] INFO  Resources.BaseClass - ***** Login Button Clicked *******
23:41:33.921 [main] INFO  Resources.BaseClass - ******** End of Logger *******
23:41:38.574 [main] INFO  Resources.BaseClass - **** verifyLogin ***
23:41:39.585 [main] INFO  Resources.BaseClass - ***** Login Button Clicked *******
23:41:39.585 [main] INFO  Resources.BaseClass - ******** End of Logger *******
19:07:12.139 [main] INFO  Resources.BaseClass - **** verifyLogin ***
19:07:12.600 [main] INFO  Resources.BaseClass - ***** Login Button Clicked *******
19:07:12.601 [main] INFO  Resources.BaseClass - ******** End of Logger *******
19:07:16.995 [main] INFO  Resources.BaseClass - **** verifyLogin ***
19:07:17.714 [main] INFO  Resources.BaseClass - ***** Login Button Clicked *******
19:07:17.714 [main] INFO  Resources.BaseClass - ******** End of Logger *******
19:07:21.971 [main] INFO  Resources.BaseClass - **** verifyLogin ***
19:07:22.509 [main] INFO  Resources.BaseClass - ***** Login Button Clicked *******
19:07:22.509 [main] INFO  Resources.BaseClass - ******** End of Logger *******
18:29:50.631 [main] INFO  Resources.BaseClass - **** verifyLogin ***
18:29:51.143 [main] INFO  Resources.BaseClass - ***** Login Button Clicked *******
18:29:51.143 [main] INFO  Resources.BaseClass - ******** End of Logger *******
18:29:55.012 [main] INFO  Resources.BaseClass - **** verifyLogin ***
18:29:55.273 [main] INFO  Resources.BaseClass - ***** Login Button Clicked *******
18:29:55.274 [main] INFO  Resources.BaseClass - ******** End of Logger *******
18:29:59.464 [main] INFO  Resources.BaseClass - **** verifyLogin ***
18:30:00.100 [main] INFO  Resources.BaseClass - ***** Login Button Clicked *******
18:30:00.100 [main] INFO  Resources.BaseClass - ******** End of Logger *******
